2017-08-11 16:11:40,454 [Worker-3] INFO  c.g.t.t.d.PublishedGradleVersions - Gradle version information cache is up-to-date. Trying to read.
2017-08-11 16:12:45,916 [Worker-5] INFO  c.g.t.t.d.PublishedGradleVersions - Gradle version information cache is up-to-date. Trying to read.
2017-08-11 16:13:32,407 [ModalContext] INFO  o.e.m.c.i.e.AbstractTransferListenerAdapter - Downloading http://repositoriomaven.epa.com/nexus/content/groups/public/org/apache/maven/archetypes/maven-archetype-quickstart/1.1/maven-archetype-quickstart-1.1.jar
2017-08-11 16:13:32,598 [ModalContext] INFO  o.e.m.c.i.e.AbstractTransferListenerAdapter - Downloaded http://repositoriomaven.epa.com/nexus/content/groups/public/org/apache/maven/archetypes/maven-archetype-quickstart/1.1/maven-archetype-quickstart-1.1.jar
2017-08-11 16:13:32,758 [ModalContext] INFO  o.e.m.c.i.e.AbstractTransferListenerAdapter - Downloading http://repositoriomaven.epa.com/nexus/content/groups/public/org/apache/maven/archetypes/maven-archetype-quickstart/1.1/maven-archetype-quickstart-1.1.pom
2017-08-11 16:13:32,914 [ModalContext] INFO  o.e.m.c.i.e.AbstractTransferListenerAdapter - Downloaded http://repositoriomaven.epa.com/nexus/content/groups/public/org/apache/maven/archetypes/maven-archetype-quickstart/1.1/maven-archetype-quickstart-1.1.pom
2017-08-11 16:14:01,885 [Worker-1] INFO  o.e.m.c.i.p.ProjectConfigurationManager - Collecting project info '/pom.xml' /home/epa.com/eve0018536/workspaces/CodeWars/CodeWars/pom.xml
2017-08-11 16:14:05,348 [Worker-1] INFO  o.e.m.c.i.l.LifecycleMappingFactory - Using org.eclipse.m2e.jdt.JarLifecycleMapping lifecycle mapping for MavenProject: com.macor:CodeWars:0.0.1-SNAPSHOT @ /home/epa.com/eve0018536/workspaces/CodeWars/CodeWars/pom.xml.
2017-08-11 16:14:06,558 [Worker-1] INFO  o.e.m.j.i.AbstractJavaProjectConfigurator - Adding source folder /CodeWars/src/main/java
2017-08-11 16:14:06,560 [Worker-1] INFO  o.e.m.j.i.AbstractJavaProjectConfigurator - Adding source folder /CodeWars/src/test/java
2017-08-11 16:14:07,446 [Worker-1] INFO  o.e.m.c.i.p.ProjectConfigurationManager - Imported and configured 1 project(s) in 5 sec
2017-08-11 16:14:08,274 [Worker-7] INFO  o.e.m.c.i.embedder.EclipseLogger - Using 'UTF-8' encoding to copy filtered resources.
2017-08-11 16:14:08,275 [Worker-7] INFO  o.e.m.c.i.embedder.EclipseLogger - skip non existing resourceDirectory /home/epa.com/eve0018536/workspaces/CodeWars/CodeWars/src/main/resources
2017-08-11 16:14:08,287 [Worker-7] INFO  o.e.m.c.i.embedder.EclipseLogger - Using 'UTF-8' encoding to copy filtered resources.
2017-08-11 16:14:08,287 [Worker-7] INFO  o.e.m.c.i.embedder.EclipseLogger - skip non existing resourceDirectory /home/epa.com/eve0018536/workspaces/CodeWars/CodeWars/src/test/resources
2017-08-11 16:14:37,098 [Worker-1] INFO  o.e.m.c.i.embedder.EclipseLogger - Using 'UTF-8' encoding to copy filtered resources.
2017-08-11 16:14:37,098 [Worker-1] INFO  o.e.m.c.i.embedder.EclipseLogger - skip non existing resourceDirectory /home/epa.com/eve0018536/workspaces/CodeWars/CodeWars/src/main/resources
2017-08-11 16:14:37,108 [Worker-1] INFO  o.e.m.c.i.embedder.EclipseLogger - Using 'UTF-8' encoding to copy filtered resources.
2017-08-11 16:14:37,108 [Worker-1] INFO  o.e.m.c.i.embedder.EclipseLogger - skip non existing resourceDirectory /home/epa.com/eve0018536/workspaces/CodeWars/CodeWars/src/test/resources
2017-08-11 16:14:54,777 [Worker-0] INFO  o.e.m.c.i.embedder.EclipseLogger - Using 'UTF-8' encoding to copy filtered resources.
2017-08-11 16:14:54,777 [Worker-0] INFO  o.e.m.c.i.embedder.EclipseLogger - skip non existing resourceDirectory /home/epa.com/eve0018536/workspaces/CodeWars/CodeWars/src/main/resources
2017-08-11 16:14:54,779 [Worker-0] INFO  o.e.m.c.i.embedder.EclipseLogger - Using 'UTF-8' encoding to copy filtered resources.
2017-08-11 16:14:54,780 [Worker-0] INFO  o.e.m.c.i.embedder.EclipseLogger - skip non existing resourceDirectory /home/epa.com/eve0018536/workspaces/CodeWars/CodeWars/src/test/resources
2017-08-11 16:16:07,596 [Worker-13] INFO  o.e.m.c.i.embedder.EclipseLogger - Using 'UTF-8' encoding to copy filtered resources.
2017-08-11 16:16:07,596 [Worker-13] INFO  o.e.m.c.i.embedder.EclipseLogger - skip non existing resourceDirectory /home/epa.com/eve0018536/workspaces/CodeWars/CodeWars/src/main/resources
2017-08-11 16:16:07,599 [Worker-13] INFO  o.e.m.c.i.embedder.EclipseLogger - Using 'UTF-8' encoding to copy filtered resources.
2017-08-11 16:16:07,600 [Worker-13] INFO  o.e.m.c.i.embedder.EclipseLogger - skip non existing resourceDirectory /home/epa.com/eve0018536/workspaces/CodeWars/CodeWars/src/test/resources
2017-08-11 16:17:07,614 [Worker-2] INFO  o.e.m.c.i.embedder.EclipseLogger - Using 'UTF-8' encoding to copy filtered resources.
2017-08-11 16:17:07,615 [Worker-2] INFO  o.e.m.c.i.embedder.EclipseLogger - skip non existing resourceDirectory /home/epa.com/eve0018536/workspaces/CodeWars/CodeWars/src/main/resources
2017-08-11 16:17:07,616 [Worker-2] INFO  o.e.m.c.i.embedder.EclipseLogger - Using 'UTF-8' encoding to copy filtered resources.
2017-08-11 16:17:07,617 [Worker-2] INFO  o.e.m.c.i.embedder.EclipseLogger - skip non existing resourceDirectory /home/epa.com/eve0018536/workspaces/CodeWars/CodeWars/src/test/resources
2017-08-11 16:31:08,737 [Worker-16] INFO  o.e.m.c.i.embedder.EclipseLogger - Using 'UTF-8' encoding to copy filtered resources.
2017-08-11 16:31:08,738 [Worker-16] INFO  o.e.m.c.i.embedder.EclipseLogger - skip non existing resourceDirectory /home/epa.com/eve0018536/workspaces/CodeWars/CodeWars/src/main/resources
2017-08-11 16:31:08,742 [Worker-16] INFO  o.e.m.c.i.embedder.EclipseLogger - Using 'UTF-8' encoding to copy filtered resources.
2017-08-11 16:31:08,742 [Worker-16] INFO  o.e.m.c.i.embedder.EclipseLogger - skip non existing resourceDirectory /home/epa.com/eve0018536/workspaces/CodeWars/CodeWars/src/test/resources
2017-08-11 16:35:28,233 [Worker-20] INFO  o.e.m.c.i.embedder.EclipseLogger - Using 'UTF-8' encoding to copy filtered resources.
2017-08-11 16:35:28,233 [Worker-20] INFO  o.e.m.c.i.embedder.EclipseLogger - skip non existing resourceDirectory /home/epa.com/eve0018536/workspaces/CodeWars/CodeWars/src/main/resources
2017-08-11 16:35:28,236 [Worker-20] INFO  o.e.m.c.i.embedder.EclipseLogger - Using 'UTF-8' encoding to copy filtered resources.
2017-08-11 16:35:28,236 [Worker-20] INFO  o.e.m.c.i.embedder.EclipseLogger - skip non existing resourceDirectory /home/epa.com/eve0018536/workspaces/CodeWars/CodeWars/src/test/resources
2017-08-11 16:36:05,459 [Worker-23] INFO  o.e.m.c.i.embedder.EclipseLogger - Using 'UTF-8' encoding to copy filtered resources.
2017-08-11 16:36:05,459 [Worker-23] INFO  o.e.m.c.i.embedder.EclipseLogger - skip non existing resourceDirectory /home/epa.com/eve0018536/workspaces/CodeWars/CodeWars/src/main/resources
2017-08-11 16:36:05,464 [Worker-23] INFO  o.e.m.c.i.embedder.EclipseLogger - Using 'UTF-8' encoding to copy filtered resources.
2017-08-11 16:36:05,464 [Worker-23] INFO  o.e.m.c.i.embedder.EclipseLogger - skip non existing resourceDirectory /home/epa.com/eve0018536/workspaces/CodeWars/CodeWars/src/test/resources
2017-08-11 16:36:07,971 [Worker-20] INFO  o.e.m.c.i.embedder.EclipseLogger - Using 'UTF-8' encoding to copy filtered resources.
2017-08-11 16:36:07,971 [Worker-20] INFO  o.e.m.c.i.embedder.EclipseLogger - skip non existing resourceDirectory /home/epa.com/eve0018536/workspaces/CodeWars/CodeWars/src/main/resources
2017-08-11 16:36:07,972 [Worker-20] INFO  o.e.m.c.i.embedder.EclipseLogger - Using 'UTF-8' encoding to copy filtered resources.
2017-08-11 16:36:07,973 [Worker-20] INFO  o.e.m.c.i.embedder.EclipseLogger - skip non existing resourceDirectory /home/epa.com/eve0018536/workspaces/CodeWars/CodeWars/src/test/resources
2017-08-11 16:36:14,556 [Worker-21] INFO  o.e.m.c.i.embedder.EclipseLogger - Using 'UTF-8' encoding to copy filtered resources.
2017-08-11 16:36:14,557 [Worker-21] INFO  o.e.m.c.i.embedder.EclipseLogger - skip non existing resourceDirectory /home/epa.com/eve0018536/workspaces/CodeWars/CodeWars/src/main/resources
2017-08-11 16:36:14,562 [Worker-21] INFO  o.e.m.c.i.embedder.EclipseLogger - Using 'UTF-8' encoding to copy filtered resources.
2017-08-11 16:36:14,562 [Worker-21] INFO  o.e.m.c.i.embedder.EclipseLogger - skip non existing resourceDirectory /home/epa.com/eve0018536/workspaces/CodeWars/CodeWars/src/test/resources
2017-08-11 16:36:26,733 [Worker-21] INFO  o.e.m.c.i.embedder.EclipseLogger - Using 'UTF-8' encoding to copy filtered resources.
2017-08-11 16:36:26,734 [Worker-21] INFO  o.e.m.c.i.embedder.EclipseLogger - skip non existing resourceDirectory /home/epa.com/eve0018536/workspaces/CodeWars/CodeWars/src/main/resources
2017-08-11 16:36:26,735 [Worker-21] INFO  o.e.m.c.i.embedder.EclipseLogger - Using 'UTF-8' encoding to copy filtered resources.
2017-08-11 16:36:26,735 [Worker-21] INFO  o.e.m.c.i.embedder.EclipseLogger - skip non existing resourceDirectory /home/epa.com/eve0018536/workspaces/CodeWars/CodeWars/src/test/resources
2017-08-11 16:36:41,370 [Worker-0] INFO  o.e.m.c.i.embedder.EclipseLogger - Using 'UTF-8' encoding to copy filtered resources.
2017-08-11 16:36:41,370 [Worker-0] INFO  o.e.m.c.i.embedder.EclipseLogger - skip non existing resourceDirectory /home/epa.com/eve0018536/workspaces/CodeWars/CodeWars/src/main/resources
2017-08-11 16:36:41,372 [Worker-0] INFO  o.e.m.c.i.embedder.EclipseLogger - Using 'UTF-8' encoding to copy filtered resources.
2017-08-11 16:36:41,372 [Worker-0] INFO  o.e.m.c.i.embedder.EclipseLogger - skip non existing resourceDirectory /home/epa.com/eve0018536/workspaces/CodeWars/CodeWars/src/test/resources
2017-08-11 16:36:51,541 [Worker-22] INFO  o.e.m.c.i.embedder.EclipseLogger - Using 'UTF-8' encoding to copy filtered resources.
2017-08-11 16:36:51,541 [Worker-22] INFO  o.e.m.c.i.embedder.EclipseLogger - skip non existing resourceDirectory /home/epa.com/eve0018536/workspaces/CodeWars/CodeWars/src/main/resources
2017-08-11 16:36:51,542 [Worker-22] INFO  o.e.m.c.i.embedder.EclipseLogger - Using 'UTF-8' encoding to copy filtered resources.
2017-08-11 16:36:51,542 [Worker-22] INFO  o.e.m.c.i.embedder.EclipseLogger - skip non existing resourceDirectory /home/epa.com/eve0018536/workspaces/CodeWars/CodeWars/src/test/resources
